TN:
SF:src/main/js/cli.js
FN:7,camelize
FN:8,normalizeFlags
FNF:2
FNH:2
FNDA:5,camelize
FNDA:3,normalizeFlags
DA:1,3
DA:2,3
DA:3,3
DA:4,3
DA:5,3
DA:6,3
DA:7,3
DA:8,3
DA:9,3
DA:10,3
DA:11,3
DA:12,1
DA:13,1
DA:14,1
DA:15,1
DA:16,1
DA:17,1
DA:18,1
DA:19,1
DA:20,1
DA:21,1
DA:22,1
DA:23,1
DA:24,1
DA:25,1
DA:26,1
DA:27,1
DA:28,1
DA:29,2
DA:30,3
DA:31,1
DA:32,1
DA:33,1
DA:34,1
DA:35,1
DA:36,1
DA:37,1
DA:38,1
DA:39,1
DA:40,1
DA:41,3
LF:41
LH:41
BRDA:1,0,0,3
BRDA:11,1,0,2
BRDA:11,2,0,1
BRDA:29,3,0,2
BRDA:30,4,0,1
BRDA:30,5,0,1
BRDA:7,6,0,5
BRDA:8,7,0,3
BRDA:8,8,0,5
BRF:9
BRH:9
end_of_record
TN:
SF:src/main/js/index.js
FN:6,copy
FN:11,debug
FN:15,cp
FN:33,parseSources
FNF:4
FNH:4
FNDA:2,copy
FNDA:2,debug
FNDA:2,cp
FNDA:2,parseSources
DA:1,4
DA:2,4
DA:3,4
DA:4,4
DA:5,4
DA:6,4
DA:7,2
DA:8,2
DA:9,2
DA:10,2
DA:11,2
DA:12,2
DA:13,2
DA:14,2
DA:15,2
DA:16,2
DA:17,2
DA:18,2
DA:19,2
DA:20,2
DA:21,2
DA:22,2
DA:23,1
DA:24,1
DA:25,1
DA:26,2
DA:27,2
DA:28,2
DA:29,2
DA:30,2
DA:31,2
DA:32,4
DA:33,4
DA:34,2
DA:35,2
DA:36,2
DA:37,2
DA:38,2
DA:39,2
DA:40,2
DA:41,2
DA:42,2
DA:43,2
DA:44,1
DA:45,1
DA:46,1
DA:47,1
DA:48,2
DA:49,1
DA:50,1
DA:51,2
DA:52,2
DA:53,2
DA:54,2
DA:55,2
LF:55
LH:55
BRDA:1,0,0,4
BRDA:6,1,0,2
BRDA:11,2,0,2
BRDA:15,3,0,2
BRDA:20,4,0,2
BRDA:22,5,0,1
BRDA:25,6,0,0
BRDA:28,7,0,1
BRDA:33,8,0,2
BRDA:34,9,0,0
BRDA:39,10,0,2
BRDA:43,11,0,1
BRDA:48,12,0,1
BRDA:48,13,0,0
BRF:14
BRH:11
end_of_record
