TN:
SF:src/main/js/cli.js
FN:7,camelize
FN:8,normalizeFlags
FNF:2
FNH:2
FNDA:5,camelize
FNDA:3,normalizeFlags
DA:1,3
DA:2,3
DA:3,3
DA:4,3
DA:5,3
DA:6,3
DA:7,3
DA:8,3
DA:9,3
DA:10,3
DA:11,3
DA:12,1
DA:13,1
DA:14,1
DA:15,1
DA:16,1
DA:17,1
DA:18,1
DA:19,1
DA:20,1
DA:21,1
DA:22,1
DA:23,1
DA:24,1
DA:25,1
DA:26,1
DA:27,1
DA:28,1
DA:29,2
DA:30,3
DA:31,1
DA:32,1
DA:33,1
DA:34,1
DA:35,1
DA:36,1
DA:37,1
DA:38,1
DA:39,1
DA:40,1
DA:41,3
LF:41
LH:41
BRDA:1,0,0,3
BRDA:11,1,0,2
BRDA:11,2,0,1
BRDA:29,3,0,2
BRDA:30,4,0,1
BRDA:30,5,0,1
BRDA:7,6,0,5
BRDA:8,7,0,3
BRDA:8,8,0,5
BRF:9
BRH:9
end_of_record
TN:
SF:src/main/js/index.js
FN:6,isFileDst
FN:7,isPattern
FN:8,cp
FN:8,debug
FN:13,copy
FN:40,parseSources
FNF:6
FNH:6
FNDA:2,isFileDst
FNDA:2,isPattern
FNDA:3,cp
FNDA:2,debug
FNDA:3,copy
FNDA:3,parseSources
DA:1,4
DA:2,4
DA:3,4
DA:4,4
DA:5,4
DA:6,4
DA:7,4
DA:8,4
DA:9,3
DA:10,3
DA:11,3
DA:12,4
DA:13,4
DA:14,3
DA:15,3
DA:16,3
DA:17,3
DA:18,3
DA:19,3
DA:20,3
DA:21,3
DA:22,3
DA:23,3
DA:24,1
DA:25,1
DA:26,2
DA:27,2
DA:28,2
DA:29,2
DA:30,1
DA:31,1
DA:32,1
DA:33,2
DA:34,2
DA:35,2
DA:36,2
DA:37,2
DA:38,3
DA:39,4
DA:40,4
DA:41,3
DA:42,3
DA:43,3
DA:44,3
DA:45,3
DA:46,3
DA:47,3
DA:48,3
DA:49,3
DA:50,3
DA:51,1
DA:52,1
DA:53,1
DA:54,1
DA:55,3
DA:56,2
DA:57,2
DA:58,3
DA:59,3
DA:60,3
DA:61,3
DA:62,3
LF:62
LH:62
BRDA:1,0,0,4
BRDA:6,1,0,2
BRDA:7,2,0,2
BRDA:7,3,0,14
BRDA:8,4,0,3
BRDA:8,5,0,2
BRDA:13,6,0,3
BRDA:23,7,0,2
BRDA:23,8,0,2
BRDA:23,9,0,2
BRDA:23,10,0,2
BRDA:23,11,0,1
BRDA:27,12,0,2
BRDA:29,13,0,1
BRDA:32,14,0,0
BRDA:35,15,0,1
BRDA:40,16,0,3
BRDA:41,17,0,0
BRDA:46,18,0,3
BRDA:50,19,0,1
BRDA:55,20,0,2
BRDA:55,21,0,0
BRF:22
BRH:19
end_of_record
